\BOOKMARK [1][-]{section.1}{Objectif}{}
\BOOKMARK [1][-]{section.2}{Organistion du code}{}
\BOOKMARK [2][-]{subsection.2.1}{L'objet circuit}{section.2}
\BOOKMARK [2][-]{subsection.2.2}{L'objet source}{section.2}
\BOOKMARK [1][-]{section.3}{R\351sultats}{}
<<<<<<< HEAD
\BOOKMARK [2][-]{subsection.3.1}{R\351ponse du l'exemple 1}{section.3}
\BOOKMARK [2][-]{subsection.3.2}{R\351ponses du CircuitA}{section.3}
\BOOKMARK [2][-]{subsection.3.3}{R\351ponse du CircuitB}{section.3}
\BOOKMARK [2][-]{subsection.3.4}{R\351ponse du CircuitC}{section.3}
\BOOKMARK [2][-]{subsection.3.5}{R\351ponse du CircuitD}{section.3}
=======
\BOOKMARK [2][-]{subsection.3.1}{Exemple 1}{section.3}
\BOOKMARK [2][-]{subsection.3.2}{Exemple 2}{section.3}
\BOOKMARK [2][-]{subsection.3.3}{R\351ponse du CircuitA}{section.3}
\BOOKMARK [2][-]{subsection.3.4}{R\351ponse du CircuitB}{section.3}
\BOOKMARK [2][-]{subsection.3.5}{R\351ponse du CircuitC}{section.3}
\BOOKMARK [2][-]{subsection.3.6}{R\351ponse du CircuitD}{section.3}
>>>>>>> d359d65d8ba97df336818853ecaa666b48a20d52
\BOOKMARK [1][-]{appendix.A}{main.cpp}{}
\BOOKMARK [1][-]{appendix.B}{circuits.h}{}
\BOOKMARK [1][-]{appendix.C}{circuits.cpp}{}
\BOOKMARK [1][-]{appendix.D}{sources.h}{}
\BOOKMARK [1][-]{appendix.E}{sources.cpp}{}
